#
# A fatal error has been detected by the Java Runtime Environment:
#
#  SIGSEGV (0xb) at pc=0x00007191b84d5876, pid=24107, tid=24108
#
# JRE version: OpenJDK Runtime Environment Temurin-21.0.5+11 (21.0.5+11) (build 21.0.5+11-LTS)
# Java VM: OpenJDK 64-Bit Server VM Temurin-21.0.5+11 (21.0.5+11-LTS, mixed mode, tiered, compressed oops, compressed class ptrs, g1 gc, linux-amd64)
# Problematic frame:
# C  [libc.so.6+0x46876]
#
# Core dump will be written. Default location: core.24107 (may not exist)
#
# If you would like to submit a bug report, please visit:
#   https://github.com/adoptium/adoptium-support/issues
# The crash happened outside the Java Virtual Machine in native code.
# See problematic frame for where to report the bug.
#

---------------  S U M M A R Y ------------

Command Line: -XX:+IgnoreUnrecognizedVMOptions -Dosgi.requiredJavaVersion=17 -Dfile.encoding=UTF-8 --add-opens=java.base/java.io=ALL-UNNAMED --add-opens=java.base/java.lang=ALL-UNNAMED --add-opens=java.base/java.lang.reflect=ALL-UNNAMED --add-opens=java.base/java.net=ALL-UNNAMED --add-opens=java.base/java.nio=ALL-UNNAMED --add-opens=java.base/java.nio.charset=ALL-UNNAMED --add-opens=java.base/java.text=ALL-UNNAMED --add-opens=java.base/java.time=ALL-UNNAMED --add-opens=java.base/java.util=ALL-UNNAMED --add-opens=java.base/java.util.concurrent=ALL-UNNAMED --add-opens=java.base/java.util.concurrent.atomic=ALL-UNNAMED --add-opens=java.base/jdk.internal.vm=ALL-UNNAMED --add-opens=java.base/jdk.internal.misc=ALL-UNNAMED --add-opens=java.base/sun.nio.ch=ALL-UNNAMED --add-opens=java.base/sun.nio.fs=ALL-UNNAMED --add-opens=java.base/sun.security.ssl=ALL-UNNAMED --add-opens=java.base/sun.security.action=ALL-UNNAMED --add-opens=java.base/sun.security.util=ALL-UNNAMED --add-opens=java.security.jgss/sun.security.jgss=ALL-UNNAMED --add-opens=java.security.jgss/sun.security.krb5=ALL-UNNAMED --add-opens=java.desktop/java.awt=ALL-UNNAMED --add-opens=java.desktop/java.awt.peer=ALL-UNNAMED --add-opens=java.sql/java.sql=ALL-UNNAMED -Xms64m -Xmx1024m -Ddbeaver.distribution.type=deb -Duser.home=/home/rushdev2/snap/dbeaver-ce/370 -Dorg.eclipse.swt.browser.DefaultType=webkit -Dorg.eclipse.swt.browser.UseWebKitGTK=true -Ddbeaver.io.tmpdir=/home/rushdev2/Downloads /snap/dbeaver-ce/370/usr/share/dbeaver-ce//plugins/org.jkiss.dbeaver.launcher_1.0.28.202505041731.jar -os linux -ws gtk -arch x86_64 -showsplash -launcher /snap/dbeaver-ce/370/usr/share/dbeaver-ce/dbeaver -name Dbeaver --launcher.library /snap/dbeaver-ce/370/usr/share/dbeaver-ce//plugins/org.eclipse.equinox.launcher.gtk.linux.x86_64_1.2.1300.v20250212-0927/eclipse_11909.so -startup /snap/dbeaver-ce/370/usr/share/dbeaver-ce//plugins/org.jkiss.dbeaver.launcher_1.0.28.202505041731.jar --launcher.overrideVmargs -exitdata 1e -vm /snap/dbeaver-ce/370/usr/share/dbeaver-ce/jre/bin/java -vmargs -XX:+IgnoreUnrecognizedVMOptions -Dosgi.requiredJavaVersion=17 -Dfile.encoding=UTF-8 --add-opens=java.base/java.io=ALL-UNNAMED --add-opens=java.base/java.lang=ALL-UNNAMED --add-opens=java.base/java.lang.reflect=ALL-UNNAMED --add-opens=java.base/java.net=ALL-UNNAMED --add-opens=java.base/java.nio=ALL-UNNAMED --add-opens=java.base/java.nio.charset=ALL-UNNAMED --add-opens=java.base/java.text=ALL-UNNAMED --add-opens=java.base/java.time=ALL-UNNAMED --add-opens=java.base/java.util=ALL-UNNAMED --add-opens=java.base/java.util.concurrent=ALL-UNNAMED --add-opens=java.base/java.util.concurrent.atomic=ALL-UNNAMED --add-opens=java.base/jdk.internal.vm=ALL-UNNAMED --add-opens=java.base/jdk.internal.misc=ALL-UNNAMED --add-opens=java.base/sun.nio.ch=ALL-UNNAMED --add-opens=java.base/sun.nio.fs=ALL-UNNAMED --add-opens=java.base/sun.security.ssl=ALL-UNNAMED --add-opens=java.base/sun.security.action=ALL-UNNAMED --add-opens=java.base/sun.security.util=ALL-UNNAMED --add-opens=java.security.jgss/sun.security.jgss=ALL-UNNAMED --add-opens=java.security.jgss/sun.security.krb5=ALL-UNNAMED --add-opens=java.desktop/java.awt=ALL-UNNAMED --add-opens=java.desktop/java.awt.peer=ALL-UNNAMED --add-opens=java.sql/java.sql=ALL-UNNAMED -Xms64m -Xmx1024m -Ddbeaver.distribution.type=deb -jar /snap/dbeaver-ce/370/usr/share/dbeaver-ce//plugins/org.jkiss.dbeaver.launcher_1.0.28.202505041731.jar

Host: AMD Ryzen 5 5600GT with Radeon Graphics, 12 cores, 7G, Ubuntu 24.04.2 LTS
Time: Wed May  7 17:01:19 2025 CST elapsed time: 2145.001942 seconds (0d 0h 35m 45s)

---------------  T H R E A D  ---------------

Current thread (0x00007191b002ef40):  JavaThread "main"             [_thread_in_native, id=24108, stack(0x00007191b6cb3000,0x00007191b6db4000) (1028K)]

Stack: [0x00007191b6cb3000,0x00007191b6db4000],  sp=0x00007191b6db0c60,  free space=1015k
Native frames: (J=compiled Java code, j=interpreted, Vv=VM code, C=native code)
C  [libc.so.6+0x46876]
Java frames: (J=compiled Java code, j=interpreted, Vv=VM code)
J 7119  org.eclipse.swt.internal.gtk3.GTK3.gtk_main_do_event(J)V (0 bytes) @ 0x00007191a8df6071 [0x00007191a8df6020+0x0000000000000051]
J 10276 c2 org.eclipse.swt.widgets.Display.eventProc(JJ)J (212 bytes) @ 0x00007191a8ff48e0 [0x00007191a8ff4820+0x00000000000000c0]
v  ~StubRoutines::call_stub 0x00007191a8537cc6
J 7142  org.eclipse.swt.internal.gtk3.GTK3.gtk_main_iteration_do(Z)Z (0 bytes) @ 0x00007191a8df7ff1 [0x00007191a8df7fa0+0x0000000000000051]
J 11654 c2 org.eclipse.swt.widgets.Display.readAndDispatch()Z (88 bytes) @ 0x00007191a9106be8 [0x00007191a9106ae0+0x0000000000000108]
J 11476% c2 org.eclipse.e4.ui.internal.workbench.swt.PartRenderingEngine$5.run()V (690 bytes) @ 0x00007191a8e602e4 [0x00007191a8e60180+0x0000000000000164]
j  org.eclipse.core.databinding.observable.Realm.runWithDefault(Lorg/eclipse/core/databinding/observable/Realm;Ljava/lang/Runnable;)V+12
j  org.eclipse.e4.ui.internal.workbench.swt.PartRenderingEngine.run(Lorg/eclipse/e4/ui/model/application/MApplicationElement;Lorg/eclipse/e4/core/contexts/IEclipseContext;)Ljava/lang/Object;+57
j  org.eclipse.e4.ui.internal.workbench.E4Workbench.createAndRunUI(Lorg/eclipse/e4/ui/model/application/MApplicationElement;)V+20
j  org.eclipse.ui.internal.Workbench.lambda$3(Lorg/eclipse/swt/widgets/Display;Lorg/eclipse/ui/application/WorkbenchAdvisor;[I)V+392
j  org.eclipse.ui.internal.Workbench$$Lambda+0x00000001003ec3e0.run()V+12
j  org.eclipse.core.databinding.observable.Realm.runWithDefault(Lorg/eclipse/core/databinding/observable/Realm;Ljava/lang/Runnable;)V+12
j  org.eclipse.ui.internal.Workbench.createAndRunWorkbench(Lorg/eclipse/swt/widgets/Display;Lorg/eclipse/ui/application/WorkbenchAdvisor;)I+16
j  org.eclipse.ui.PlatformUI.createAndRunWorkbench(Lorg/eclipse/swt/widgets/Display;Lorg/eclipse/ui/application/WorkbenchAdvisor;)I+2
j  org.jkiss.dbeaver.ui.app.standalone.DBeaverApplication.start(Lorg/eclipse/equinox/app/IApplicationContext;)Ljava/lang/Object;+546
j  org.eclipse.equinox.internal.app.EclipseAppHandle.run(Ljava/lang/Object;)Ljava/lang/Object;+138
j  org.eclipse.core.runtime.internal.adaptor.EclipseAppLauncher.runApplication(Ljava/lang/Object;)Ljava/lang/Object;+85
j  org.eclipse.core.runtime.internal.adaptor.EclipseAppLauncher.start(Ljava/lang/Object;)Ljava/lang/Object;+79
j  org.eclipse.core.runtime.adaptor.EclipseStarter.run(Ljava/lang/Object;)Ljava/lang/Object;+99
j  org.eclipse.core.runtime.adaptor.EclipseStarter.run([Ljava/lang/String;Ljava/lang/Runnable;)Ljava/lang/Object;+132
J 454 c1 java.lang.invoke.DirectMethodHandle$Holder.invokeStatic(Ljava/lang/Object;Ljava/lang/Object;Ljava/lang/Object;)Ljava/lang/Object; java.base@21.0.5 (15 bytes) @ 0x00007191a10a33ac [0x00007191a10a30e0+0x00000000000002cc]
j  java.lang.invoke.LambdaForm$MH+0x0000000100102800.invoke(Ljava/lang/Object;Ljava/lang/Object;Ljava/lang/Object;Ljava/lang/Object;)Ljava/lang/Object;+54 java.base@21.0.5
j  java.lang.invoke.LambdaForm$MH+0x0000000100102c00.invokeExact_MT(Ljava/lang/Object;Ljava/lang/Object;Ljava/lang/Object;Ljava/lang/Object;Ljava/lang/Object;)Ljava/lang/Object;+22 java.base@21.0.5
j  jdk.internal.reflect.DirectMethodHandleAccessor.invokeImpl(Ljava/lang/Object;[Ljava/lang/Object;)Ljava/lang/Object;+72 java.base@21.0.5
j  jdk.internal.reflect.DirectMethodHandleAccessor.invoke(Ljava/lang/Object;[Ljava/lang/Object;)Ljava/lang/Object;+23 java.base@21.0.5
j  java.lang.reflect.Method.invoke(Ljava/lang/Object;[Ljava/lang/Object;)Ljava/lang/Object;+102 java.base@21.0.5
j  org.jkiss.dbeaver.launcher.DBeaverLauncher.invokeFramework([Ljava/lang/String;[Ljava/net/URL;)V+201
j  org.jkiss.dbeaver.launcher.DBeaverLauncher.basicRun([Ljava/lang/String;)V+209
j  org.jkiss.dbeaver.launcher.DBeaverLauncher.run([Ljava/lang/String;)I+2
j  org.jkiss.dbeaver.launcher.DBeaverLauncher.main([Ljava/lang/String;)V+10
v  ~StubRoutines::call_stub 0x00007191a8537cc6

siginfo: si_signo: 11 (SIGSEGV), si_code: 128 (SI_KERNEL), si_addr: 0x0000000000000000

Registers:
RAX=0x000e8cce18a3e9a0, RBX=0x00007191b867b718, RCX=0x00007191b867bb90, RDX=0x0000000000000001
RSP=0x00007191b6db0c60, RBP=0x0000000000000001, RSI=0x0000000000000001, RDI=0x00007191b845e080
R8 =0x0000000000000007, R9 =0x00007191b867bbdf, R10=0x00007191b6db0e4c, R11=0x0000000000000000
R12=0x0000000000000000, R13=0x0000000000000040, R14=0x00007191b86802e8, R15=0x00005a970bac6dc0
RIP=0x00007191b84d5876, EFLAGS=0x0000000000010206, CSGSFS=0x002b000000000033, ERR=0x0000000000000000
  TRAPNO=0x000000000000000d


Register to memory mapping:

RAX=0x000e8cce18a3e9a0 is an unknown value
RBX=0x00007191b867b718: <offset 0x00000000001ec718> in /lib/x86_64-linux-gnu/libc.so.6 at 0x00007191b848f000
RCX=0x00007191b867bb90: <offset 0x00000000001ecb90> in /lib/x86_64-linux-gnu/libc.so.6 at 0x00007191b848f000
RDX=0x0000000000000001 is an unknown value
RSP=0x00007191b6db0c60 is pointing into the stack for thread: 0x00007191b002ef40
RBP=0x0000000000000001 is an unknown value
RSI=0x0000000000000001 is an unknown value
RDI=0x00007191b845e080: <offset 0x0000000001551080> in /snap/dbeaver-ce/370/usr/share/dbeaver-ce/jre/lib/server/libjvm.so at 0x00007191b6f0d000
R8 =0x0000000000000007 is an unknown value
R9 =0x00007191b867bbdf: <offset 0x00000000001ecbdf> in /lib/x86_64-linux-gnu/libc.so.6 at 0x00007191b848f000
R10=0x00007191b6db0e4c is pointing into the stack for thread: 0x00007191b002ef40
R11=0x0 is null
R12=0x0 is null
R13=0x0000000000000040 is an unknown value
R14=0x00007191b86802e8: <offset 0x00000000001f12e8> in /lib/x86_64-linux-gnu/libc.so.6 at 0x00007191b848f000
R15=0x00005a970bac6dc0 points into unknown readable memory: 0x00005a970bac77d0 | d0 77 ac 0b 97 5a 00 00

Top of Stack: (sp=0x00007191b6db0c60)
0x00007191b6db0c60:   0000000000000000 0000000100000000
0x00007191b6db0c70:   000071915b8ceb8c 00007191b1dc36f0
0x00007191b6db0c80:   00007191b03a1d50 00007191b1dc36f0
0x00007191b6db0c90:   00007191b6db0ce0 00007191b03a4010
0x00007191b6db0ca0:   00007191b03a1d50 00007191b84d5a60
0x00007191b6db0cb0:   0000000000000000 000071915b85d49c
0x00007191b6db0cc0:   0000000000000000 000071915b85b45c
0x00007191b6db0cd0:   00007191b6db0d50 0000000100000000
0x00007191b6db0ce0:   0000000000000000 03dc6b922a359200
0x00007191b6db0cf0:   0000000000000000 0000000002400071
0x00007191b6db0d00:   00007191b03a1d50 00007191b6db0e4c
0x00007191b6db0d10:   00007191b6db0e68 00007191b6db0e60
0x00007191b6db0d20:   00007191b6db0e54 000071915b850f1f
0x00007191b6db0d30:   0000000000000000 00007191b6db0e50
0x00007191b6db0d40:   00007191b6db0e58 00007191b6db0e5c
0x00007191b6db0d50:   0000000000000001 00007191b6db0ce0
0x00007191b6db0d60:   00000000000001e7 0000000100000000
0x00007191b6db0d70:   00007191b083ccf0 03dc6b922a359200
0x00007191b6db0d80:   00000000702404f2 00007191b03b8020
0x00007191b6db0d90:   00007191b03b30e0 00007191b1a11300
0x00007191b6db0da0:   00007191b6db0e60 00007191b6db0e68
0x00007191b6db0db0:   00007191b6db0f74 000071915be5a769
0x00007191b6db0dc0:   00007191b6db0e54 00007191b6db0e58
0x00007191b6db0dd0:   00007191b6db0e5c 000071915be5a70d
0x00007191b6db0de0:   0000000000000000 00007191b6db0f50
0x00007191b6db0df0:   0000000000000000 0000000000000000
0x00007191b6db0e00:   00007191b6db0f78 00007191b6db0f80
0x00007191b6db0e10:   00007191b6db0e54 00007191b6db0e58
0x00007191b6db0e20:   00007191b6db0e5c 00007191b6db0e4c
0x00007191b6db0e30:   00007191b6db0e50 0000000002400071
0x00007191b6db0e40:   0000000000000000 0000000000000000
0x00007191b6db0e50:   0000000000000000 0000000000000000 

Instructions: (pc=0x00007191b84d5876)
0x00007191b84d5776:   de 04 00 e9 53 ff ff ff 66 90 f3 0f 1e fa 48 8b
0x00007191b84d5786:   05 95 56 1a 00 8b 00 85 c0 75 0f e9 0a f7 ff ff
0x00007191b84d5796:   66 2e 0f 1f 84 00 00 00 00 00 31 c0 c3 66 2e 0f
0x00007191b84d57a6:   1f 84 00 00 00 00 00 0f 1f 00 f3 0f 1e fa 41 57
0x00007191b84d57b6:   41 56 41 55 41 54 55 89 fd 53 48 89 f3 48 83 ec
0x00007191b84d57c6:   18 89 54 24 0c 84 c9 0f 85 35 02 00 00 4c 8d 35
0x00007191b84d57d6:   0e ab 1a 00 45 31 e4 0f 1f 00 64 8b 04 25 18 00
0x00007191b84d57e6:   00 00 ba 01 00 00 00 85 c0 0f 85 cd 01 00 00 41
0x00007191b84d57f6:   0f b1 16 4c 8b 3b 4d 85 ff 75 3b e9 62 01 00 00
0x00007191b84d5806:   66 2e 0f 1f 84 00 00 00 00 00 48 83 fa 02 0f 84
0x00007191b84d5816:   b6 00 00 00 64 8b 04 25 18 00 00 00 ba 01 00 00
0x00007191b84d5826:   00 85 c0 0f 85 c1 00 00 00 41 0f b1 16 4c 39 2d
0x00007191b84d5836:   a6 aa 1a 00 75 bd 49 8b 47 08 48 85 c0 0f 84 f7
0x00007191b84d5846:   00 00 00 4c 8d 48 ff 4c 8b 2d 8c aa 1a 00 4d 89
0x00007191b84d5856:   4f 08 64 8b 04 25 18 00 00 00 85 c0 0f 85 a8 00
0x00007191b84d5866:   00 00 41 83 2e 01 4c 89 c8 48 c1 e0 05 4c 01 f8
0x00007191b84d5876:   48 8b 50 10 48 83 fa 03 74 30 48 83 fa 04 75 8a
0x00007191b84d5886:   48 8b 50 18 48 8b 78 20 48 c7 40 10 00 00 00 00
0x00007191b84d5896:   89 ee 48 c1 ca 11 64 48 33 14 25 30 00 00 00 ff
0x00007191b84d58a6:   d2 e9 6e ff ff ff 0f 1f 40 00 48 8b 40 18 48 c1
0x00007191b84d58b6:   c8 11 64 48 33 04 25 30 00 00 00 ff d0 e9 52 ff
0x00007191b84d58c6:   ff ff 0f 1f 84 00 00 00 00 00 48 8b 50 18 48 8b
0x00007191b84d58d6:   70 20 89 ef 48 c1 ca 11 64 48 33 14 25 30 00 00
0x00007191b84d58e6:   00 ff d2 e9 2c ff ff ff 66 90 44 89 e0 f0 41 0f
0x00007191b84d58f6:   b1 16 0f 84 35 ff ff ff 4c 89 f7 e8 9a dc 04 00
0x00007191b84d5906:   e9 28 ff ff ff 0f 1f 44 00 00 44 89 e0 41 87 06
0x00007191b84d5916:   83 f8 01 0f 8e 4d ff ff ff 45 31 d2 ba 01 00 00
0x00007191b84d5926:   00 be 81 00 00 00 4c 89 f7 b8 ca 00 00 00 0f 05
0x00007191b84d5936:   e9 31 ff ff ff 0f 1f 44 00 00 49 8b 07 48 89 03
0x00007191b84d5946:   48 85 c0 74 08 4c 89 ff e8 dd b9 fd ff 64 8b 04
0x00007191b84d5956:   25 18 00 00 00 85 c0 75 7e 41 83 2e 01 e9 78 fe
0x00007191b84d5966:   ff ff c6 05 1d 73 1a 00 01 64 8b 04 25 18 00 00 


Stack slot to memory mapping:

stack at sp + 0 slots: 0x0 is null
stack at sp + 1 slots: 0x0000000100000000 is pointing into metadata
stack at sp + 2 slots: 0x000071915b8ceb8c: <offset 0x00000000000b2b8c> in /snap/dbeaver-ce/370/usr/lib/x86_64-linux-gnu/libX11.so.6 at 0x000071915b81c000
stack at sp + 3 slots: 0x00007191b1dc36f0 points into unknown readable memory: 0x00007191b3137b60 | 60 7b 13 b3 91 71 00 00
stack at sp + 4 slots: 0x00007191b03a1d50 points into unknown readable memory: 0x0000000000000000 | 00 00 00 00 00 00 00 00
stack at sp + 5 slots: 0x00007191b1dc36f0 points into unknown readable memory: 0x00007191b3137b60 | 60 7b 13 b3 91 71 00 00
stack at sp + 6 slots: 0x00007191b6db0ce0 is pointing into the stack for thread: 0x00007191b002ef40
stack at sp + 7 slots: 0x00007191b03a4010 points into unknown readable memory: 0x0000000000000001 | 01 00 00 00 00 00 00 00

